----- MACE4 2003-B, Aug 2003 -----
Built with library LADR 2003-B, Aug 2003.
The process was started by mccune on gyro.thornwood,
Fri Jul 25 16:46:17 2003
The command was "../bin/mace4".  The process ID is 30507.

op(400,infix,^).
op(400,infix,v).
assign(iterate_up_to,10).
set(verbose).

clauses(theory).
x ^ y = y ^ x.
(x ^ y) ^ z = x ^ (y ^ z).
x v y = y v x.
(x v y) v z = x v (y v z).
x v (x ^ y) = x.
x ^ (x v y) = x.
x ^ x = x.
x v x = x.
c(x) ^ x = 0.
c(x) v x = 1.
c(c(x)) = x.
x ^ y = c(c(x) v c(y)).
1 v x = 1.
1 ^ x = x.
0 ^ x = 0.
0 v x = x.
x v (c(x) ^ (x v y)) = x v y.
A v (B ^ (A v C)) != (A v B) ^ (A v C).
end_of_list.

% The maximum domain element in the input is 1.

====== Starting search for domain size 2. ======

Initial partial model:

 A : -

 B : -

 C : -

 c :
        0 1
    -------
        1 0

 ^ :
      | 0 1
    --+----
    0 | 0 0
    1 | 0 1

 v :
      | 0 1
    --+----
    0 | 0 1
    1 | 1 1

--------- statistics for domain size 2 ---------

Current CPU time: 0.00 seconds (total CPU time: 0.01 seconds).
Ground clauses: seen=59, kept=38.
Selections=7, assignments=14, propagations=10, current_models=0.
Rewrite_terms=180, Rewrite_bools=45, indexes=14.
Rules from negative clauses: 2, Cross_offs=2.
Negative propagation:
                 successes   attempts      agone      egone
Neg_elim                 0          0          0          0
Neg_assign               0          1          5          0
Neg_near_elim            0          0          0          0
Neg_near_assign          2          2          0         16

====== Starting search for domain size 3. ======

NOTE: unsatisfiability detected on input.

Initial partial model:

 A : -

 B : -

 C : -

 c :
        0 1 2
    ---------
        - - -

 ^ :
      | 0 1 2
    --+------
    0 | - - -
    1 | - - -
    2 | - - -

 v :
      | 0 1 2
    --+------
    0 | - - -
    1 | - - -
    2 | - - -

--------- statistics for domain size 3 ---------

Current CPU time: 0.00 seconds (total CPU time: 0.01 seconds).
Ground clauses: seen=117, kept=112.
Selections=0, assignments=0, propagations=17, current_models=0.
Rewrite_terms=216, Rewrite_bools=62, indexes=44.
Rules from negative clauses: 2, Cross_offs=8.
Negative propagation:
                 successes   attempts      agone      egone
Neg_elim                 0          0          0          0
Neg_assign               5          7         11          0
Neg_near_elim            0          0          0          0
Neg_near_assign          3          7          0         18

====== Starting search for domain size 4. ======

Initial partial model:

 A : -

 B : -

 C : -

 c :
        0 1 2 3
    -----------
        1 0 3 2

 ^ :
      | 0 1 2 3
    --+--------
    0 | 0 0 0 0
    1 | 0 1 2 3
    2 | 0 2 2 0
    3 | 0 3 0 3

 v :
      | 0 1 2 3
    --+--------
    0 | 0 1 2 3
    1 | 1 1 1 1
    2 | 2 1 2 1
    3 | 3 1 1 3

--------- statistics for domain size 4 ---------

Current CPU time: 0.00 seconds (total CPU time: 0.01 seconds).
Ground clauses: seen=261, kept=228.
Selections=14, assignments=49, propagations=36, current_models=0.
Rewrite_terms=1041, Rewrite_bools=263, indexes=109.
Rules from negative clauses: 3, Cross_offs=21.
Negative propagation:
                 successes   attempts      agone      egone
Neg_elim                 1          2          6          0
Neg_assign              16         36        117          1
Neg_near_elim            0          0          0          0
Neg_near_assign          4         36          0        101

====== Starting search for domain size 5. ======

Initial partial model:

 A : -

 B : -

 C : -

 c :
        0 1 2 3 4
    -------------
        1 0 - - -

 ^ :
      | 0 1 2 3 4
    --+----------
    0 | 0 0 0 0 0
    1 | 0 1 2 3 4
    2 | 0 2 2 - -
    3 | 0 3 - 3 -
    4 | 0 4 - - 4

 v :
      | 0 1 2 3 4
    --+----------
    0 | 0 1 2 3 4
    1 | 1 1 1 1 1
    2 | 2 1 2 - -
    3 | 3 1 - 3 -
    4 | 4 1 - - 4

--------- statistics for domain size 5 ---------

Current CPU time: 0.01 seconds (total CPU time: 0.02 seconds).
Ground clauses: seen=446, kept=418.
Selections=10, assignments=33, propagations=58, current_models=0.
Rewrite_terms=1242, Rewrite_bools=294, indexes=242.
Rules from negative clauses: 4, Cross_offs=44.
Negative propagation:
                 successes   attempts      agone      egone
Neg_elim                 2          5          4          0
Neg_assign              37         52        142          0
Neg_near_elim            0          0          0          0
Neg_near_assign          5         13          0        124

====== Starting search for domain size 6. ======

Initial partial model:

 A : -

 B : -

 C : -

 c :
        0 1 2 3 4 5
    ---------------
        1 0 - - - -

 ^ :
      | 0 1 2 3 4 5
    --+------------
    0 | 0 0 0 0 0 0
    1 | 0 1 2 3 4 5
    2 | 0 2 2 - - -
    3 | 0 3 - 3 - -
    4 | 0 4 - - 4 -
    5 | 0 5 - - - 5

 v :
      | 0 1 2 3 4 5
    --+------------
    0 | 0 1 2 3 4 5
    1 | 1 1 1 1 1 1
    2 | 2 1 2 - - -
    3 | 3 1 - 3 - -
    4 | 4 1 - - 4 -
    5 | 5 1 - - - 5

--------- statistics for domain size 6 ---------

Current CPU time: 0.00 seconds (total CPU time: 0.02 seconds).
Ground clauses: seen=703, kept=670.
Selections=31, assignments=152, propagations=283, current_models=0.
Rewrite_terms=9025, Rewrite_bools=2714, indexes=510.
Rules from negative clauses: 49, Cross_offs=307.
Negative propagation:
                 successes   attempts      agone      egone
Neg_elim                14         49        462          5
Neg_assign             159        486       2033         10
Neg_near_elim            0          0          0          0
Neg_near_assign        132       1003          0        827

====== Starting search for domain size 7. ======

Initial partial model:

 A : -

 B : -

 C : -

 c :
        0 1 2 3 4 5 6
    -----------------
        1 0 - - - - -

 ^ :
      | 0 1 2 3 4 5 6
    --+--------------
    0 | 0 0 0 0 0 0 0
    1 | 0 1 2 3 4 5 6
    2 | 0 2 2 - - - -
    3 | 0 3 - 3 - - -
    4 | 0 4 - - 4 - -
    5 | 0 5 - - - 5 -
    6 | 0 6 - - - - 6

 v :
      | 0 1 2 3 4 5 6
    --+--------------
    0 | 0 1 2 3 4 5 6
    1 | 1 1 1 1 1 1 1
    2 | 2 1 2 - - - -
    3 | 3 1 - 3 - - -
    4 | 4 1 - - 4 - -
    5 | 5 1 - - - 5 -
    6 | 6 1 - - - - 6

--------- statistics for domain size 7 ---------

Current CPU time: 0.00 seconds (total CPU time: 0.02 seconds).
Ground clauses: seen=1044, kept=1006.
Selections=23, assignments=104, propagations=123, current_models=0.
Rewrite_terms=3630, Rewrite_bools=745, indexes=652.
Rules from negative clauses: 7, Cross_offs=193.
Negative propagation:
                 successes   attempts      agone      egone
Neg_elim                 4          9         24          0
Neg_assign             128        177        431          0
Neg_near_elim            0          0          0          0
Neg_near_assign         61        175          0        276

====== Starting search for domain size 8. ======

Initial partial model:

 A : -

 B : -

 C : -

 c :
        0 1 2 3 4 5 6 7
    -------------------
        1 0 - - - - - -

 ^ :
      | 0 1 2 3 4 5 6 7
    --+----------------
    0 | 0 0 0 0 0 0 0 0
    1 | 0 1 2 3 4 5 6 7
    2 | 0 2 2 - - - - -
    3 | 0 3 - 3 - - - -
    4 | 0 4 - - 4 - - -
    5 | 0 5 - - - 5 - -
    6 | 0 6 - - - - 6 -
    7 | 0 7 - - - - - 7

 v :
      | 0 1 2 3 4 5 6 7
    --+----------------
    0 | 0 1 2 3 4 5 6 7
    1 | 1 1 1 1 1 1 1 1
    2 | 2 1 2 - - - - -
    3 | 3 1 - 3 - - - -
    4 | 4 1 - - 4 - - -
    5 | 5 1 - - - 5 - -
    6 | 6 1 - - - - 6 -
    7 | 7 1 - - - - - 7

--------- statistics for domain size 8 ---------

Current CPU time: 0.02 seconds (total CPU time: 0.04 seconds).
Ground clauses: seen=1481, kept=1438.
Selections=46, assignments=271, propagations=911, current_models=0.
Rewrite_terms=32276, Rewrite_bools=9591, indexes=2191.
Rules from negative clauses: 98, Cross_offs=2215.
Negative propagation:
                 successes   attempts      agone      egone
Neg_elim               204       1153       3275         54
Neg_assign            1144       4971      12229        213
Neg_near_elim            0          1          0          0
Neg_near_assign        863       9085          0       2862

====== Starting search for domain size 9. ======

Initial partial model:

 A : -

 B : -

 C : -

 c :
        0 1 2 3 4 5 6 7 8
    ---------------------
        1 0 - - - - - - -

 ^ :
      | 0 1 2 3 4 5 6 7 8
    --+------------------
    0 | 0 0 0 0 0 0 0 0 0
    1 | 0 1 2 3 4 5 6 7 8
    2 | 0 2 2 - - - - - -
    3 | 0 3 - 3 - - - - -
    4 | 0 4 - - 4 - - - -
    5 | 0 5 - - - 5 - - -
    6 | 0 6 - - - - 6 - -
    7 | 0 7 - - - - - 7 -
    8 | 0 8 - - - - - - 8

 v :
      | 0 1 2 3 4 5 6 7 8
    --+------------------
    0 | 0 1 2 3 4 5 6 7 8
    1 | 1 1 1 1 1 1 1 1 1
    2 | 2 1 2 - - - - - -
    3 | 3 1 - 3 - - - - -
    4 | 4 1 - - 4 - - - -
    5 | 5 1 - - - 5 - - -
    6 | 6 1 - - - - 6 - -
    7 | 7 1 - - - - - 7 -
    8 | 8 1 - - - - - - 8

--------- statistics for domain size 9 ---------

Current CPU time: 0.02 seconds (total CPU time: 0.06 seconds).
Ground clauses: seen=2026, kept=1978.
Selections=52, assignments=319, propagations=776, current_models=0.
Rewrite_terms=29175, Rewrite_bools=7706, indexes=3336.
Rules from negative clauses: 40, Cross_offs=3285.
Negative propagation:
                 successes   attempts      agone      egone
Neg_elim               306       1351       3361         55
Neg_assign            1866       4753       9151         17
Neg_near_elim            0          3          0          0
Neg_near_assign       1109       7945          0       2505

====== Starting search for domain size 10. ======

Initial partial model:

 A : -

 B : -

 C : -

 c :
        0 1 2 3 4 5 6 7 8 9
    -----------------------
        1 0 - - - - - - - -

 ^ :
      | 0 1 2 3 4 5 6 7 8 9
    --+--------------------
    0 | 0 0 0 0 0 0 0 0 0 0
    1 | 0 1 2 3 4 5 6 7 8 9
    2 | 0 2 2 - - - - - - -
    3 | 0 3 - 3 - - - - - -
    4 | 0 4 - - 4 - - - - -
    5 | 0 5 - - - 5 - - - -
    6 | 0 6 - - - - 6 - - -
    7 | 0 7 - - - - - 7 - -
    8 | 0 8 - - - - - - 8 -
    9 | 0 9 - - - - - - - 9

 v :
      | 0 1 2 3 4 5 6 7 8 9
    --+--------------------
    0 | 0 1 2 3 4 5 6 7 8 9
    1 | 1 1 1 1 1 1 1 1 1 1
    2 | 2 1 2 - - - - - - -
    3 | 3 1 - 3 - - - - - -
    4 | 4 1 - - 4 - - - - -
    5 | 5 1 - - - 5 - - - -
    6 | 6 1 - - - - 6 - - -
    7 | 7 1 - - - - - 7 - -
    8 | 8 1 - - - - - - 8 -
    9 | 9 1 - - - - - - - 9

-------- Model 1 at 0.08 seconds --------

 A : 2

 B : 4

 C : 6

 c :
        0 1 2 3 4 5 6 7 8 9
    -----------------------
        1 0 3 2 5 4 7 6 9 8

 ^ :
      | 0 1 2 3 4 5 6 7 8 9
    --+--------------------
    0 | 0 0 0 0 0 0 0 0 0 0
    1 | 0 1 2 3 4 5 6 7 8 9
    2 | 0 2 2 0 0 0 0 2 2 0
    3 | 0 3 0 3 0 0 6 9 6 9
    4 | 0 4 0 0 4 0 0 0 0 0
    5 | 0 5 0 0 0 5 0 0 0 0
    6 | 0 6 0 6 0 0 6 0 6 0
    7 | 0 7 2 9 0 0 0 7 2 9
    8 | 0 8 2 6 0 0 6 2 8 0
    9 | 0 9 0 9 0 0 0 9 0 9

 v :
      | 0 1 2 3 4 5 6 7 8 9
    --+--------------------
    0 | 0 1 2 3 4 5 6 7 8 9
    1 | 1 1 1 1 1 1 1 1 1 1
    2 | 2 1 2 1 1 1 8 7 8 7
    3 | 3 1 1 3 1 1 3 1 1 3
    4 | 4 1 1 1 4 1 1 1 1 1
    5 | 5 1 1 1 1 5 1 1 1 1
    6 | 6 1 8 3 1 1 6 1 8 3
    7 | 7 1 7 1 1 1 1 7 1 7
    8 | 8 1 8 1 1 1 8 1 8 1
    9 | 9 1 7 3 1 1 3 7 1 9

-------- end of model --------

------------- memory usage (for entire run) -------------------

Total malloced: 1 megabytes
  type (bytes each)        gets      frees     in use      avail      bytes
chunk ( 504)                205        205          0         18      8.9 K
string_buf (  12)           205        205          0         18      0.2 K
token (  20)                357        357          0         25      0.5 K
pterm (  16)                180        180          0         10      0.2 K
ilist (   8)                  0          0          0          0      0.0 K
plist (   8)              17053      14415       2638          0     20.6 K
term (  16)               43015      30231      12784          3    297.7 K
literal (  12)               19          1         18          1      0.2 K
clause (  24)                19          1         18          1      0.4 K
clist_pos (  20)             36         18         18         18      0.7 K
clist (  16)                  2          1          1          1      0.0 K
mclause (  20)             8527       5888       2639       5888    166.5 K
mstate (  20)              1241       1240          1          1      0.0 K
jnode (  28)              36484      36484          0        160      4.4 K
estack (  12)            250950     228012      22938          0    268.8 K

--------- statistics for domain size 10 ---------

Current CPU time: 0.02 seconds (total CPU time: 0.08 seconds).
Ground clauses: seen=2691, kept=2638.
Selections=51, assignments=290, propagations=831, current_models=1.
Rewrite_terms=33975, Rewrite_bools=8673, indexes=3737.
Rules from negative clauses: 71, Cross_offs=4282.
Negative propagation:
                 successes   attempts      agone      egone
Neg_elim               348       1691       3650         67
Neg_assign            2196       5818      10934         70
Neg_near_elim            0          3          0          1
Neg_near_assign       1734      10426          0       2546

----- MAX_MODELS EXIT (1 model) -----
The process finished Fri Jul 25 16:46:17 2003
